生成启动时间为 2019/4/27 星期六 9:12:21。
     1>项目“G:\H264\H264Analyzer\SimpleH264Analyzer\SimpleH264Analyzer\SimpleH264Analyzer.vcxproj”在节点 2 上(Rebuild 个目标)。
     1>ClCompile:
         H:\vs2013\VC\bin\CL.exe /c /ZI /nologo /W3 /WX- /sdl /Od /Oy- /D WIN32 /D _DEBUG /D _CONSOLE /D _LIB /D _UNICODE /D UNICODE /Gm /EHsc /RTC1 /MDd /GS /fp:precise /Zc:wchar_t /Zc:forScope /Yc"stdafx.h" /Fp"Debug\SimpleH264Analyzer.pch" /Fo"Debug\\" /Fd"Debug\vc120.pdb" /Gd /TP /analyze- /errorReport:prompt stdafx.cpp
         stdafx.cpp
         H:\vs2013\VC\bin\CL.exe /c /ZI /nologo /W3 /WX- /sdl /Od /Oy- /D WIN32 /D _DEBUG /D _CONSOLE /D _LIB /D _UNICODE /D UNICODE /Gm /EHsc /RTC1 /MDd /GS /fp:precise /Zc:wchar_t /Zc:forScope /Yu"stdafx.h" /Fp"Debug\SimpleH264Analyzer.pch" /Fo"Debug\\" /Fd"Debug\vc120.pdb" /Gd /TP /analyze- /errorReport:prompt NalUint.cpp question.cpp SimpleH264Analyzer.cpp Stream.cpp
         Stream.cpp
     1>g:\h264\h264analyzer\simpleh264analyzer\simpleh264analyzer\stream.cpp(105): warning C4553: “==”: 运算符不起任何作用；是否是有意使用“=”的?
         SimpleH264Analyzer.cpp
         question.cpp
         NalUint.cpp
         正在生成代码...
       Link:
         H:\vs2013\VC\bin\link.exe /ERRORREPORT:PROMPT /OUT:"G:\H264\H264Analyzer\SimpleH264Analyzer\bin\Debug\SimpleH264Analyzer.exe" /INCREMENTAL /NOLOGO opencv_videostab249d.lib opencv_video249d.lib opencv_ts249d.lib opencv_superres249d.lib opencv_stitching249d.lib opencv_photo249d.lib opencv_ocl249d.lib opencv_objdetect249d.lib opencv_nonfree249d.lib opencv_ml249d.lib opencv_legacy249d.lib opencv_imgproc249d.lib opencv_highgui249d.lib opencv_gpu249d.lib opencv_flann249d.lib opencv_features2d249d.lib opencv_core249d.lib opencv_contrib249d.lib opencv_calib3d249d.lib opencv_calib3d249.lib opencv_contrib249.lib opencv_core249.lib opencv_features2d249.lib opencv_flann249.lib opencv_gpu249.lib opencv_highgui249.lib opencv_imgproc249.lib opencv_legacy249.lib opencv_ml249.lib opencv_nonfree249.lib opencv_objdetect249.lib opencv_ocl249.lib opencv_photo249.lib opencv_stitching249.lib opencv_superres249.lib opencv_ts249.lib opencv_video249.lib opencv_videostab249.lib kernel32.lib user32.lib gdi32.lib winspool.lib comdlg32.lib advapi32.lib shell32.lib ole32.lib oleaut32.lib uuid.lib odbc32.lib odbccp32.lib /MANIFEST /MANIFESTUAC:"level='asInvoker' uiAccess='false'" /manifest:embed /DEBUG /PDB:"G:\H264\H264Analyzer\SimpleH264Analyzer\bin\Debug\SimpleH264Analyzer.pdb" /SUBSYSTEM:CONSOLE /TLBID:1 /DYNAMICBASE /NXCOMPAT /IMPLIB:"G:\H264\H264Analyzer\SimpleH264Analyzer\bin\Debug\SimpleH264Analyzer.lib" /MACHINE:X86 Debug\NalUint.obj
         Debug\question.obj
         Debug\SimpleH264Analyzer.obj
         Debug\stdafx.obj
         Debug\Stream.obj
         SimpleH264Analyzer.vcxproj -> G:\H264\H264Analyzer\SimpleH264Analyzer\bin\Debug\SimpleH264Analyzer.exe
     1>已完成生成项目“G:\H264\H264Analyzer\SimpleH264Analyzer\SimpleH264Analyzer\SimpleH264Analyzer.vcxproj”(Rebuild 个目标)的操作。

生成成功。

已用时间 00:00:04.13
